<?xml version="1.0" encoding="UTF-8"?>
<!-- Generated by org.testng.reporters.JUnitReportReporter -->
<testsuite hostname="Shrikant-Laptop" failures="0" tests="2" name="com.gymondo.testcase.appTestcases" time="59.034" errors="0" timestamp="2020-03-29T12:28:23 IST" skipped="0">
  <testcase classname="com.gymondo.testcase.appTestcases" name="verifyloginTest" time="28.042"/>
  <system-out/>
  <testcase classname="com.gymondo.testcase.appTestcases" name="Searchtest" time="30.992"/>
  <system-out/>
</testsuite> <!-- com.gymondo.testcase.appTestcases -->
