<?xml version="1.0" encoding="UTF-8"?>
<!-- Generated by org.testng.reporters.JUnitReportReporter -->
<testsuite hostname="Shrikant-Laptop" failures="0" tests="1" name="com.gymondo.Configuration.appiumBase" time="22.717" errors="0" timestamp="2020-03-28T13:59:27 IST" skipped="0">
  <testcase classname="com.gymondo.Configuration.appiumBase" name="Test" time="22.717"/>
  <system-out/>
</testsuite> <!-- com.gymondo.Configuration.appiumBase -->
